<?xml version="1.0" encoding="UTF-8"?>
<!-- Generated by org.testng.reporters.JUnitReportReporter -->
<testsuite hostname="DESKTOP-O060V3S" failures="0" tests="1" name="javaLecture1" time="0.017" errors="0" timestamp="2025-07-22T11:10:43 IST" skipped="0">
  <testcase classname="javaLecture1" name="streamCollect" time="0.017"/>
</testsuite> <!-- javaLecture1 -->
